TACC:  Starting up job 5649806 
TACC:  Starting parallel tasks... 

*************** FeynWann 1.0.alpha  ***************
+++++++++++++++ Linked to JDFTx 1.5.0  +++++++++++++++

Start date and time: Tue May  5 07:45:02 2020
Executable /home1/06235/tg855346/jdftx_codes/jdftx-20191025/build-FeynWann-lindblad-mod/ImEps with command-line: -i ImEpsRC.in
Running on hosts (process indices):  c506-041.stampede2.tacc.utexas.edu (0-11)  c506-053.stampede2.tacc.utexas.edu (12-23)  c506-064.stampede2.tacc.utexas.edu (24-35)  c506-092.stampede2.tacc.utexas.edu (36-47)
Divided in process groups (process indices):  0 (0)  1 (1)  2 (2)  3 (3)  4 (4)  5 (5)  6 (6)  7 (7)  8 (8)  9 (9)  10 (10)  11 (11)  12 (12)  13 (13)  14 (14)  15 (15)  16 (16)  17 (17)  18 (18)  19 (19)  20 (20)  21 (21)  22 (22)  23 (23)  24 (24)  25 (25)  26 (26)  27 (27)  28 (28)  29 (29)  30 (30)  31 (31)  32 (32)  33 (33)  34 (34)  35 (35)  36 (36)  37 (37)  38 (38)  39 (39)  40 (40)  41 (41)  42 (42)  43 (43)  44 (44)  45 (45)  46 (46)  47 (47)
Resource initialization completed at t[s]:      0.00
Run totals: 48 processes, 192 threads, 0 GPUs

Inputs after conversion to atomic units:
nOffsets = 16384
omegaMax = 0.734986
T = 0.000950043
dE = 0.000183747
polRe = [  1  0  0  ]
polIm = [  0  1  0  ]
GammaS = 0
eta = 0.00367493
dmuMin = 0.0525515
dmuMax = 0.0525515
dmuCount = 1
broadening = 0.000367493
contribution = Direct

Reading 'Wannier/totalE.out' ... done.
NOTE: mu unavailable; assuming semiconductor/insulator and setting to VBM.
Reading 'Wannier/totalE.eigenvals' ... done.
mu = 0.291366
nElectrons = 28
nBandsDFT = 120
nSpins = 1
nSpinor = 2
spinSuffix = ''
kfold = [  24  24  24  ]
isTruncated = [  0  0  0  ]
R:
[  0  5.34145  5.34145  ]
[  5.34145  0  5.34145  ]
[  5.34145  5.34145  0  ]
Atoms with fractional coordinates:
	Ga   0.000000000000000   0.000000000000000   0.000000000000000
	As   0.250000000000000   0.250000000000000   0.250000000000000

Reading 'Wannier/wannier.mlwfCellMap' ... done.
Reading 'Wannier/wannier.mlwfBandContrib' ... done.
nBands = 46

Reading 'Wannier/wannier.mlwfCellWeights' ... done.
Reading 'Wannier/wannier.mlwfH' ... done.
Reading 'Wannier/wannier.mlwfP' ... done.

scissor = 0.0375745
Effectively sampled nKpts: 226492416
Ehat: [ 0.707107+0i , 0+0.707107i , 0+0i ]

Initialized frequency grid: 0 to 40.775 eV with 8156 points.

Collecting ImEps: 2% 4% 